\BOOKMARK [0][-]{chapter.1}{Basic concepts}{}% 1
\BOOKMARK [1][-]{section.1.1}{What is a Program?}{chapter.1}% 2
\BOOKMARK [1][-]{section.1.2}{Everyone can program!}{chapter.1}% 3
\BOOKMARK [1][-]{section.1.3}{Data representation and translation of real world problems}{chapter.1}% 4
\BOOKMARK [1][-]{section.1.4}{Exercises}{chapter.1}% 5
\BOOKMARK [0][-]{chapter.2}{Invocation}{}% 6
\BOOKMARK [1][-]{section.2.1}{Starting the interactive shell}{chapter.2}% 7
\BOOKMARK [1][-]{section.2.2}{Running a saved Python Script}{chapter.2}% 8
\BOOKMARK [1][-]{section.2.3}{Exercises}{chapter.2}% 9
\BOOKMARK [0][-]{chapter.3}{Basic output}{}% 10
\BOOKMARK [1][-]{section.3.1}{The print\(\) Statement}{chapter.3}% 11
\BOOKMARK [1][-]{section.3.2}{Some String Basics}{chapter.3}% 12
\BOOKMARK [1][-]{section.3.3}{Exercises}{chapter.3}% 13
\BOOKMARK [0][-]{chapter.4}{Basic Input}{}% 14
\BOOKMARK [1][-]{section.4.1}{Literal Values}{chapter.4}% 15
\BOOKMARK [1][-]{section.4.2}{The input\(\) Function}{chapter.4}% 16
\BOOKMARK [1][-]{section.4.3}{Exercises}{chapter.4}% 17
\BOOKMARK [0][-]{chapter.5}{Program state}{}% 18
\BOOKMARK [1][-]{section.5.1}{The Concept of State}{chapter.5}% 19
\BOOKMARK [1][-]{section.5.2}{Assignment Statements}{chapter.5}% 20
\BOOKMARK [1][-]{section.5.3}{Integers, Floats and Arithmetic Expressions}{chapter.5}% 21
\BOOKMARK [1][-]{section.5.4}{Strings and common operators}{chapter.5}% 22
\BOOKMARK [1][-]{section.5.5}{Formalisation of the Concepts of Statements and Expressions}{chapter.5}% 23
\BOOKMARK [1][-]{section.5.6}{Exercises}{chapter.5}% 24
